<?xml version="1.0" encoding="UTF-8"?>
<testsuite name="cct.tripbillsplitter.caomerMutlu.CaomerMutluApplicationTests" tests="1" skipped="0" failures="0" errors="0" timestamp="2021-05-21T10:25:13" hostname="OMERMUTLU" time="0.41">
  <properties/>
  <testcase name="contextLoads()" classname="cct.tripbillsplitter.caomerMutlu.CaomerMutluApplicationTests" time="0.41"/>
  <system-out><![CDATA[11:25:10.773 [Test worker] DEBUG org.springframework.test.context.BootstrapUtils - Instantiating CacheAwareContextLoaderDelegate from class [org.springframework.test.context.cache.DefaultCacheAwareContextLoaderDelegate]
11:25:10.801 [Test worker] DEBUG org.springframework.test.context.BootstrapUtils - Instantiating BootstrapContext using constructor [public org.springframework.test.context.support.DefaultBootstrapContext(java.lang.Class,org.springframework.test.context.CacheAwareContextLoaderDelegate)]
11:25:10.861 [Test worker] DEBUG org.springframework.test.context.BootstrapUtils - Instantiating TestContextBootstrapper for test class [cct.tripbillsplitter.caomerMutlu.CaomerMutluApplicationTests] from class [org.springframework.boot.test.context.SpringBootTestContextBootstrapper]
11:25:10.883 [Test worker] INFO org.springframework.boot.test.context.SpringBootTestContextBootstrapper - Neither @ContextConfiguration nor @ContextHierarchy found for test class [cct.tripbillsplitter.caomerMutlu.CaomerMutluApplicationTests], using SpringBootContextLoader
11:25:10.892 [Test worker] DEBUG org.springframework.test.context.support.AbstractContextLoader - Did not detect default resource location for test class [cct.tripbillsplitter.caomerMutlu.CaomerMutluApplicationTests]: class path resource [cct/tripbillsplitter/caomerMutlu/CaomerMutluApplicationTests-context.xml] does not exist
11:25:10.893 [Test worker] DEBUG org.springframework.test.context.support.AbstractContextLoader - Did not detect default resource location for test class [cct.tripbillsplitter.caomerMutlu.CaomerMutluApplicationTests]: class path resource [cct/tripbillsplitter/caomerMutlu/CaomerMutluApplicationTestsContext.groovy] does not exist
11:25:10.894 [Test worker] INFO org.springframework.test.context.support.AbstractContextLoader - Could not detect default resource locations for test class [cct.tripbillsplitter.caomerMutlu.CaomerMutluApplicationTests]: no resource found for suffixes {-context.xml, Context.groovy}.
11:25:10.895 [Test worker] INFO org.springframework.test.context.support.AnnotationConfigContextLoaderUtils - Could not detect default configuration classes for test class [cct.tripbillsplitter.caomerMutlu.CaomerMutluApplicationTests]: CaomerMutluApplicationTests does not declare any static, non-private, non-final, nested classes annotated with @Configuration.
11:25:10.976 [Test worker] DEBUG org.springframework.test.context.support.ActiveProfilesUtils - Could not find an 'annotation declaring class' for annotation type [org.springframework.test.context.ActiveProfiles] and class [cct.tripbillsplitter.caomerMutlu.CaomerMutluApplicationTests]
11:25:11.089 [Test worker] DEBUG org.springframework.context.annotation.ClassPathScanningCandidateComponentProvider - Identified candidate component class: file [C:\Users\Dell\Desktop\caomermutlu\caomermutlu\build\classes\java\main\cct\tripbillsplitter\caomerMutlu\CaomerMutluApplication.class]
11:25:11.091 [Test worker] INFO org.springframework.boot.test.context.SpringBootTestContextBootstrapper - Found @SpringBootConfiguration cct.tripbillsplitter.caomerMutlu.CaomerMutluApplication for test class cct.tripbillsplitter.caomerMutlu.CaomerMutluApplicationTests
11:25:11.254 [Test worker] DEBUG org.springframework.boot.test.context.SpringBootTestContextBootstrapper - @TestExecutionListeners is not present for class [cct.tripbillsplitter.caomerMutlu.CaomerMutluApplicationTests]: using defaults.
11:25:11.255 [Test worker] INFO org.springframework.boot.test.context.SpringBootTestContextBootstrapper - Loaded default TestExecutionListener class names from location [META-INF/spring.factories]: [org.springframework.boot.test.autoconfigure.restdocs.RestDocsTestExecutionListener, org.springframework.boot.test.autoconfigure.web.client.MockRestServiceServerResetTestExecutionListener, org.springframework.boot.test.autoconfigure.web.servlet.MockMvcPrintOnlyOnFailureTestExecutionListener, org.springframework.boot.test.autoconfigure.web.servlet.WebDriverTestExecutionListener, org.springframework.boot.test.autoconfigure.webservices.client.MockWebServiceServerTestExecutionListener, org.springframework.boot.test.mock.mockito.MockitoTestExecutionListener, org.springframework.boot.test.mock.mockito.ResetMocksTestExecutionListener, org.springframework.test.context.web.ServletTestExecutionListener, org.springframework.test.context.support.DirtiesContextBeforeModesTestExecutionListener, org.springframework.test.context.event.ApplicationEventsTestExecutionListener, org.springframework.test.context.support.DependencyInjectionTestExecutionListener, org.springframework.test.context.support.DirtiesContextTestExecutionListener, org.springframework.test.context.transaction.TransactionalTestExecutionListener, org.springframework.test.context.jdbc.SqlScriptsTestExecutionListener, org.springframework.test.context.event.EventPublishingTestExecutionListener]
11:25:11.278 [Test worker] DEBUG org.springframework.boot.test.context.SpringBootTestContextBootstrapper - Skipping candidate TestExecutionListener [org.springframework.test.context.transaction.TransactionalTestExecutionListener] due to a missing dependency. Specify custom listener classes or make the default listener classes and their required dependencies available. Offending class: [org/springframework/transaction/TransactionDefinition]
11:25:11.279 [Test worker] DEBUG org.springframework.boot.test.context.SpringBootTestContextBootstrapper - Skipping candidate TestExecutionListener [org.springframework.test.context.jdbc.SqlScriptsTestExecutionListener] due to a missing dependency. Specify custom listener classes or make the default listener classes and their required dependencies available. Offending class: [org/springframework/transaction/interceptor/TransactionAttribute]
11:25:11.280 [Test worker] INFO org.springframework.boot.test.context.SpringBootTestContextBootstrapper - Using TestExecutionListeners: [org.springframework.test.context.web.ServletTestExecutionListener@ca90b0c, org.springframework.test.context.support.DirtiesContextBeforeModesTestExecutionListener@607972fe, org.springframework.test.context.event.ApplicationEventsTestExecutionListener@2d6de497, org.springframework.boot.test.mock.mockito.MockitoTestExecutionListener@9be60ce, org.springframework.boot.test.autoconfigure.SpringBootDependencyInjectionTestExecutionListener@4d0bfb9e, org.springframework.test.context.support.DirtiesContextTestExecutionListener@664e9e43, org.springframework.test.context.event.EventPublishingTestExecutionListener@24c59741, org.springframework.boot.test.autoconfigure.restdocs.RestDocsTestExecutionListener@5e873b07, org.springframework.boot.test.autoconfigure.web.client.MockRestServiceServerResetTestExecutionListener@4c42fc42, org.springframework.boot.test.autoconfigure.web.servlet.MockMvcPrintOnlyOnFailureTestExecutionListener@5e6cdf0f, org.springframework.boot.test.autoconfigure.web.servlet.WebDriverTestExecutionListener@561b341c, org.springframework.boot.test.autoconfigure.webservices.client.MockWebServiceServerTestExecutionListener@31a362db, org.springframework.boot.test.mock.mockito.ResetMocksTestExecutionListener@6ad83841]
11:25:11.286 [Test worker] DEBUG org.springframework.test.context.support.AbstractDirtiesContextTestExecutionListener - Before test class: context [DefaultTestContext@72da158 testClass = CaomerMutluApplicationTests, testInstance = [null], testMethod = [null], testException = [null], mergedContextConfiguration = [WebMergedContextConfiguration@968cea3 testClass = CaomerMutluApplicationTests, locations = '{}', classes = '{class cct.tripbillsplitter.caomerMutlu.CaomerMutluApplication}', contextInitializerClasses = '[]', activeProfiles = '{}', propertySourceLocations = '{}', propertySourceProperties = '{org.springframework.boot.test.context.SpringBootTestContextBootstrapper=true}', contextCustomizers = set[org.springframework.boot.test.autoconfigure.actuate.metrics.MetricsExportContextCustomizerFactory$DisableMetricExportContextCustomizer@4e347e11, org.springframework.boot.test.autoconfigure.properties.PropertyMappingContextCustomizer@0, org.springframework.boot.test.autoconfigure.web.servlet.WebDriverContextCustomizerFactory$Customizer@a022ab6, org.springframework.boot.test.context.filter.ExcludeFilterContextCustomizer@139b1fa, org.springframework.boot.test.json.DuplicateJsonObjectContextCustomizerFactory$DuplicateJsonObjectContextCustomizer@5ac5ef74, org.springframework.boot.test.mock.mockito.MockitoContextCustomizer@0, org.springframework.boot.test.web.client.TestRestTemplateContextCustomizer@5bbbbc1d, org.springframework.boot.test.context.SpringBootTestArgs@1, org.springframework.boot.test.context.SpringBootTestWebEnvironment@2557c251], resourceBasePath = 'src/main/webapp', contextLoader = 'org.springframework.boot.test.context.SpringBootContextLoader', parent = [null]], attributes = map['org.springframework.test.context.web.ServletTestExecutionListener.activateListener' -> true]], class annotated with @DirtiesContext [false] with mode [null].
11:25:11.363 [Test worker] DEBUG org.springframework.test.context.support.TestPropertySourceUtils - Adding inlined properties to environment: {spring.jmx.enabled=false, org.springframework.boot.test.context.SpringBootTestContextBootstrapper=true}

  .   ____          _            __ _ _
 /\\ / ___'_ __ _ _(_)_ __  __ _ \ \ \ \
( ( )\___ | '_ | '_| | '_ \/ _` | \ \ \ \
 \\/  ___)| |_)| | | | | || (_| |  ) ) ) )
  '  |____| .__|_| |_|_| |_\__, | / / / /
 =========|_|==============|___/=/_/_/_/
 :: Spring Boot ::                (v2.4.5)

2021-05-21 11:25:11.761  INFO 11276 --- [    Test worker] c.t.c.CaomerMutluApplicationTests        : Starting CaomerMutluApplicationTests using Java 11.0.10 on OmerMutlu with PID 11276 (started by Dell in C:\Users\Dell\Desktop\caomermutlu\caomermutlu)
2021-05-21 11:25:11.764  INFO 11276 --- [    Test worker] c.t.c.CaomerMutluApplicationTests        : No active profile set, falling back to default profiles: default
2021-05-21 11:25:13.410  INFO 11276 --- [    Test worker] o.s.s.concurrent.ThreadPoolTaskExecutor  : Initializing ExecutorService 'applicationTaskExecutor'
2021-05-21 11:25:13.830  INFO 11276 --- [    Test worker] c.t.c.CaomerMutluApplicationTests        : Started CaomerMutluApplicationTests in 2.456 seconds (JVM running for 4.575)
]]></system-out>
  <system-err><![CDATA[]]></system-err>
</testsuite>
